<?xml version="1.0" encoding="UTF-8"?>
<!-- Generated by org.testng.reporters.JUnitXMLReporter -->
<testsuite ignored="0" hostname="QSINBNB342" failures="0" tests="3" name="Default test" time="0.065" errors="0" timestamp="2023-05-02T12:14:07 IST">
  <testcase classname="Grouping.group" name="signupemail" time="0.008"/>
  <testcase classname="Grouping.group" name="signupfacebook" time="0.001"/>
  <testcase classname="Grouping.group" name="signuptwiter" time="0.001"/>
</testsuite> <!-- Default test -->
