<?xml version="1.0" encoding="UTF-8"?>
<!-- Generated by org.testng.reporters.JUnitXMLReporter -->
<testsuite ignored="2" hostname="QSINBNB342" failures="0" tests="1" name="Test" time="0.059" errors="0" timestamp="2023-05-02T12:27:21 IST">
  <testcase classname="Grouping.group" name="signuptwiter" time="0.012"/>
  <testcase classname="Grouping.group" name="signupfacebook" time="0.0">
    <ignored/>
  </testcase> <!-- signupfacebook -->
  <testcase classname="Grouping.group" name="signupemail" time="0.0">
    <ignored/>
  </testcase> <!-- signupemail -->
</testsuite> <!-- Test -->
