<?xml version="1.0" encoding="UTF-8"?>
<testng-results ignored="2" total="3" passed="1" failed="0" skipped="0">
  <reporter-output>
  </reporter-output>
  <suite started-at="2023-05-02T12:27:21 IST" name="Suite" finished-at="2023-05-02T12:27:21 IST" duration-ms="59">
    <groups>
      <group name="Sanity">
        <method signature="group.signuptwiter()[pri:3, instance:Grouping.group@22ef9844]" name="signuptwiter" class="Grouping.group"/>
      </group> <!-- Sanity -->
    </groups>
    <test started-at="2023-05-02T12:27:21 IST" name="Test" finished-at="2023-05-02T12:27:21 IST" duration-ms="59">
      <class name="Grouping.group">
        <test-method signature="signuptwiter()[pri:3, instance:Grouping.group@22ef9844]" started-at="2023-05-02T12:27:21 IST" name="signuptwiter" finished-at="2023-05-02T12:27:21 IST" duration-ms="12" status="PASS">
          <reporter-output>
          </reporter-output>
        </test-method> <!-- signuptwiter -->
      </class> <!-- Grouping.group -->
    </test> <!-- Test -->
  </suite> <!-- Suite -->
</testng-results>
